./23-045.err errors


== Document Attributes

(): 'Interface' is not a permitted subtype of Standard: reverting to 'implementation'
(): draft is not an allowed status for standard


== Crossreferences

(XML Line 000123): ISO19101-1 does not have a corresponding anchor ID in the bibliography!
	<origin bibitemid="ISO19101-1" type="inline" citeas=""/>


== Anchors

(XML Line 000113): Crossreference target OGC06-121r9 is undefined
	<xref target="OGC06-121r9"/>
(XML Line 000171): normalised identifier in <requirement id="http___www.opengis.net_spec_ABCD_m.n_req_req-class-a" obligation="requirement" type="class"/> from http://www.opengis.net/spec/ABCD/m.n/req/req-class-a
	<requirement id="http___www.opengis.net_spec_ABCD_m.n_req_req-class-a" obligation="requirement" type="class"><description><p id="_5bad1cf4-04fd-4974-a406-069c27be1750">Requirements Class</p><ul id="_95a43377-a453-4cfe-96f5-f14292004e3c"><li><p id="_72f76492-7da8-4c13-86cd-54a712d5895e"><link target="http://www.example.org/req/blah"/></p>
	</li>
	<li><p id="_b400adb4-920d-42ea-823c-4366ddf494c7">urn:iso:ts:iso:19139:clause:6</p>
	</li>
	</ul></description>
(XML Line 000190): normalised identifier in <requirement id="_req_req-class-a_req-name-1" obligation="requirement" type="general"/> from /req/req-class-a/req-name-1
	<requirement id="_req_req-class-a_req-name-1" obligation="requirement" type="general"> <label>/req/req-class-a/req-name-1</label><description><p id="_dd9fde00-0417-4857-b8b9-fe5c683e10af">Requirement ‘shall’ statement</p></description>
	</requirement>
(XML Line 000282): Crossreference target ats_core_api-definition-success is undefined
	<xref target="ats_core_api-definition-success">/conf/core/api-definition-success</xref>
(XML Line 000301): Crossreference target rfc2818 is undefined
	<xref target="rfc2818">HTTP over TLS</xref>


== Style

(): Prefatory material must be followed by (clause) Scope
(): Scope must be followed by Conformance
(): Normative References must be followed by Terms and Definitions


== Metanorma XML Style Warning

(XML Line 000054): Table should have title
	<table id="_613bb3c2-a339-d9a3-49e0-1905d282e233" unnumbered="true"><tbody><tr><td valign="middle" align="left"><strong>Name</strong></td>
	<td valign="middle" align="left"><strong>Affiliation</strong></td>
	</tr><tr><td valign="middle" align="left"/><td valign="middle" align="left"/></tr></tbody>
	</table>
(XML Line 000133): Hanging paragraph in clause
	<clause id="_conventions" obligation="normative">
	<title>Conventions</title>
	<p id="_bab93eec-640f-4fb5-865c-cac7d56729f2">This sections provides details and examples for any conventions used in the document. Examples of conventions are symbols, abbreviations, use of XML schema, or special notes regarding how to read the document.</p>
	
	<clause id="_identifiers" obligation="normative">
(XML Line 000147): Hanging paragraph in clause
	<clause id="_clauses_not_containing_normative_material" obligation="informative">
	<title>Clauses not containing normative material</title>
	<p id="_b3d1b178-be93-bb11-38b4-3490d41fae13">Paragraph</p>
	
	<clause id="_clauses_not_containing_normative_material_sub_clause_1" obligation="informative">
(XML Line 000161): Hanging paragraph in clause
	<clause id="_clause_containing_normative_material" obligation="normative">
	<title>Clause containing normative material</title>
	<p id="_3ae130b8-539c-74a9-77a1-a827b88ea9ef">Paragraph</p>
	
	<clause id="_requirement_class_a_or_requirement_a_example" obligation="normative">
(XML Line 000165): Hanging paragraph in clause
	<clause id="_requirement_class_a_or_requirement_a_example" obligation="normative">
	<title>Requirement Class A or Requirement A Example</title>
	<p id="_04021f5f-8801-55cc-f535-20259f29610f">Paragraph – intro text for the requirement class.</p>
	
	<p id="_64b006b8-5011-f638-e557-152604a41c44">Use the following table for Requirements Classes.</p>
(XML Line 000195): Table should have title
	<table id="_2d2e5fa4-2442-e6f3-1ab2-c9aacd43b8f1" width="90%"><thead><tr><th valign="middle" align="left">Names</th>
	<th valign="middle" align="left">Definition</th>
	<th valign="middle" align="left">Data types and values</th>
	<th valign="middle" align="left">Multiplicity and use</th>
	</tr></thead>
(XML Line 000246): Hanging paragraph in clause
	<annex id="_conformance_class_abstract_test_suite_normative" obligation="informative">
	<title>Conformance Class Abstract Test Suite (Normative)</title>
	<note id="_49fa4119-ff23-ba00-2b10-7c6008e83cc9"><p id="_2f41c6a6-7963-8015-59ca-d74fafa8ae41">Ensure that there is a conformance class for each requirements class and a test for each requirement (identified by requirement name and number)</p>
	</note>
	
(XML Line 000251): Hanging paragraph in clause
	<clause id="_conformance_class_a" obligation="informative">
	<title>Conformance Class A</title>
	<example id="ats_example1"><dl id="_15f5af59-2acb-8c62-5214-bd022c8135d7" metadata="true"><dt>label</dt>
	<dd><p id="_2911e33b-d582-a069-a4d1-a0018ea97641"><link target="http://www.opengis.net/spec/name-of-standard/1.0/conf/example1"/></p>
	</dd>
(XML Line 000315): Table should have title
	<table id="_5afe311c-d3e8-fb9a-9455-6031fbbc3118" width="90%"><thead><tr><th valign="middle" align="left">Date</th>
	<th valign="middle" align="left">Release</th>
	<th valign="middle" align="left">Editor</th>
	<th valign="middle" align="left">Primary clauses modified</th>
	<th valign="middle" align="left">Description</th>


== Requirements

(XML Line 000171): Requirement class http___www.opengis.net_spec_ABCD_m.n_req_req-class-a has no corresponding Conformance class test
	<requirement id="http___www.opengis.net_spec_ABCD_m.n_req_req-class-a" obligation="requirement" type="class"><description><p id="_54f60f6d-8b63-3165-6782-00e2db763d59">Requirements Class</p><ul id="_3eb5bc64-ea42-4912-4e69-a7bf06435c00"><li><p id="_cc0d1486-a90b-6f8a-4893-cbe17a8a5a77"><link target="http://www.example.org/req/blah"/></p>
	</li>
	<li><p id="_2691bdd0-7f20-8fe8-34ad-a421b58b8b77">urn:iso:ts:iso:19139:clause:6</p>
	</li>
	</ul></description>
(XML Line 000179): Requirement _abefd106-cbff-e10a-f6fc-db0a6865842c has no corresponding Conformance test
	<requirement id="_abefd106-cbff-e10a-f6fc-db0a6865842c" type="general"> <label>/req/req-class-a/req-name-1</label></requirement>
(XML Line 000181): Requirement _f25d41be-bdc1-a5b1-241b-eea991fa2b7e has no corresponding Conformance test
	<requirement id="_f25d41be-bdc1-a5b1-241b-eea991fa2b7e" type="general"> <label>/req/req-class-a/req-name-2</label></requirement>
(XML Line 000190): Requirement _req_req-class-a_req-name-1 has no corresponding Conformance test
	<requirement id="_req_req-class-a_req-name-1" obligation="requirement" type="general"> <label>/req/req-class-a/req-name-1</label><description><p id="_b7fe16db-a36c-9e3b-9ad0-6e81f930f136">Requirement ‘shall’ statement</p></description>
	</requirement>


== Metanorma XML Syntax

(XML Line 000148:91): element "clause" not allowed here; expected the element end-tag or element "submitters"
(XML Line 000165:25): element "foreword" not allowed here; expected the element end-tag or element "clause", "definitions", "floating-title" or "terms"
(XML Line 000242:123): IDREF "ISO19101-1" without matching ID
(XML Line 000367:91): attribute "metadata" not allowed here; expected attribute "keep-lines-together", "keep-with-next", "key", "multilingual-rendering" or "tag"
