./22-053.err errors


== Style

(): Abstract is missing!
(): Preface is missing!
(): Submitters is missing!


== Metanorma XML Style Warning

(XML Line 000105): Hanging paragraph in clause
	<clause id="ug_nonstandard_attributes_section" obligation="normative">
	<title>Payload: Nonstandard Attributes</title>
	<p id="_1eab22c8-1735-c095-9d06-e7fbfb26ebfa">An <em>attribute</em> is a named property of a feature. While this POI Conceptual Model Standard specifies some standard attributes (e.g., lifetime attributes), most applications will need to define and use some attributes that are not normatively defined by the standard. The mechanism for including non-standard attributes in a POI is to use the <strong>POI_Payload</strong> property.</p>
	
	<clause id="_using_poi_payload" obligation="normative">
(XML Line 000123): Table should have title
	<table id="_6193f53d-c740-a858-4cd3-2caf5a9c9c7e"><colgroup><col width="16.6666%"/><col width="33.3333%"/><col width="50.0001%"/></colgroup><thead><tr><th valign="middle" align="left"><strong>Attribute</strong></th>
	<th valign="middle" align="left"><strong>Value type and multiplicity</strong></th>
	<th valign="middle" align="left"><strong>Definition</strong></th>
	</tr></thead>
	<tbody><tr><td valign="middle" align="left">usesSchema</td>
(XML Line 000183): Hanging paragraph in clause
	<clause id="_recommended_schema_and_semantics_for_common_nonstandard_attributes" obligation="normative">
	<title>Recommended Schema and Semantics for Common Nonstandard Attributes</title>
	<p id="_8a30e093-41bc-a8a0-1532-244c026d5b17">There are a number of attributes that commonly are needed in use cases for POIs yet are not standardized in the POI-CM. This section suggests some recommended Schema for these common nonstandard attributes.</p>
	
	<p id="_bc847c13-f5f8-382a-1f19-84d77e89e46c">This POI Conceptual Model Standard has an Informative Annex which contains a number of conceptual model fragments taken from other OGC Standards which may be useful and recommended for using in payloads when the corresponding concept needs modeling. Among the useful ones are:</p>


== Document Attributes

(): Version required for user-guide


== Metanorma XML Syntax

(XML Line 000133:65): element "clause" not allowed here; expected element "abstract" or "foreword"
(XML Line 000140:102): element "clause" not allowed here; expected element "abstract" or "foreword"
(XML Line 000140:269): element "preface" incomplete; missing required element "foreword"
