The contents of fo:region-body on page 20 exceed its viewport by 9295 millipoints. (See position 1:1490)
Page 8: Unresolved ID reference "ISO1087-1" found.
Page 9: Unresolved ID reference "ISO19156" found.
Page 29: Unresolved ID reference "iso19109" found.
Page 32: Unresolved ID reference "iso_data_dictionary_section" found.
Page 33: Unresolved ID reference "iso19109" found.
Page 42: Unresolved ID reference "iso19107" found.
Page 50: Unresolved ID reference "iso19109" found.
Page 50: Unresolved ID reference "iso19115" found.
Page 51: Unresolved ID reference "iso19115" found.
Page 52: Unresolved ID reference "iso19115" found.
Page 55: Unresolved ID reference "iso19109" found.
Page 71: Unresolved ID reference "iso19107" found.
Page 77: Unresolved ID reference "iso19115" found.
Page 78: Unresolved ID reference "iso19109" found.
Page 79: Unresolved ID reference "iso19115" found.
Page 82: Unresolved ID reference "iso19109" found.
Page 84: Unresolved ID reference "domain-definition" found.
Page 84: Unresolved ID reference "application-schema-definition" found.
Page 84: Unresolved ID reference "coordinate-definition" found.
Page 84: Unresolved ID reference "ISO19111" found.
Page 84: Unresolved ID reference "position-definition" found.
Page 84: Unresolved ID reference "point-definition" found.
Page 84: Unresolved ID reference "ISO2382" found.
Page 84: Unresolved ID reference "property-definition" found.
Page 84: Unresolved ID reference "conceptual-schema-definition" found.
Page 84: Unresolved ID reference "coordinate-reference-system-definition" found.
Page 84: Unresolved ID reference "object-definition" found.
Page 84: Unresolved ID reference "datum-definition" found.
Page 85: Unresolved ID reference "coordinate-system-definition" found.
Page 85: Unresolved ID reference "domain-definition" found.
Page 85: Unresolved ID reference "ISO19111" found.
Page 85: Unresolved ID reference "coordinate-definition" found.
Page 85: Unresolved ID reference "attribute-definition" found.
Page 85: Unresolved ID reference "position-definition" found.
Page 85: Unresolved ID reference "ISO19136-1" found.
Page 85: Unresolved ID reference "ISO19150-4" found.
Page 85: Unresolved ID reference "coordinate-reference-system-definition" found.
Page 85: Unresolved ID reference "datum-definition" found.
Page 85: Unresolved ID reference "object-definition" found.
Page 85: Unresolved ID reference "ISO19104" found.
Page 86: Unresolved ID reference "place-definition" found.
Page 86: Unresolved ID reference "domain-definition" found.
Page 86: Unresolved ID reference "geometric-set-definition" found.
Page 86: Unresolved ID reference "geometric-object-definition" found.
Page 86: Unresolved ID reference "position-definition" found.
Page 86: Unresolved ID reference "location-definition" found.
Page 86: Unresolved ID reference "ISO19160-4" found.
Page 86: Unresolved ID reference "geometric-primitive-definition" found.
Page 86: Unresolved ID reference "object-definition" found.
Page 87: Unresolved ID reference "ISO19112" found.
Page 87: Unresolved ID reference "point-of-interest-definition" found.
Page 87: Unresolved ID reference "attribute-definition" found.
Page 87: Unresolved ID reference "ISO19155" found.
Page 87: Unresolved ID reference "location-definition" found.
Page 87: Unresolved ID reference "OMG/UML UML Semantics" found.
Page 87: Unresolved ID reference "ISO19119" found.
Page 87: Unresolved ID reference "operation-definition" found.
Page 87: Unresolved ID reference "object-definition" found.
Page 88: Unresolved ID reference "point-of-interest-definition" found.
Page 88: Unresolved ID reference "attribute-definition" found.
Page 88: Unresolved ID reference "position-definition" found.
Page 88: Unresolved ID reference "ISO19143" found.
Page 88: Unresolved ID reference "ISO19136-1" found.
Page 88: Unresolved ID reference "location-definition" found.
Page 88: Unresolved ID reference "direct-position-definition" found.
Page 88: Unresolved ID reference "property-definition" found.
Page 88: Unresolved ID reference "object-definition" found.
